<?xml version="1.0" encoding="UTF-8"?>
<!-- Generated by org.testng.reporters.JUnitReportReporter -->
<testsuite skipped="0" hostname="PC202110241727" name="com.course.testng.BasicAnnotation" tests="2" failures="0" timestamp="2022-02-17T21:03:19 CST" time="0.046" errors="0">
  <testcase name="testCase1" time="0.041" classname="com.course.testng.BasicAnnotation"/>
  <system-out/>
  <testcase name="testCase2" time="0.005" classname="com.course.testng.BasicAnnotation"/>
  <system-out/>
</testsuite> <!-- com.course.testng.BasicAnnotation -->
